{"numTotalTestSuites":130,"numPassedTestSuites":123,"numFailedTestSuites":7,"numPendingTestSuites":0,"numTotalTests":344,"numPassedTests":341,"numFailedTests":3,"numPendingTests":0,"numTodoTests":0,"snapshot":{"added":0,"failure":false,"filesAdded":0,"filesRemoved":0,"filesRemovedList":[],"filesUnmatched":0,"filesUpdated":0,"matched":0,"total":0,"unchecked":0,"uncheckedKeysByFile":[],"unmatched":0,"updated":0,"didUpdate":false},"startTime":1772482644172,"success":false,"testResults":[{"assertionResults":[{"ancestorTitles":["DatabaseConfig type"],"fullName":"DatabaseConfig type should have all required fields","status":"passed","title":"should have all required fields","duration":6.375746000000163,"failureMessages":[],"meta":{}},{"ancestorTitles":["DatabaseConfig type"],"fullName":"DatabaseConfig type should support all database types","status":"passed","title":"should support all database types","duration":2.6092719999996916,"failureMessages":[],"meta":{}},{"ancestorTitles":["DatabaseConfig type"],"fullName":"DatabaseConfig type should support all connection modes","status":"passed","title":"should support all connection modes","duration":2.5552969999998822,"failureMessages":[],"meta":{}},{"ancestorTitles":["DatabaseConfig type"],"fullName":"DatabaseConfig type should support optional fields","status":"passed","title":"should support optional fields","duration":2.9093330000000606,"failureMessages":[],"meta":{}},{"ancestorTitles":["DomainConfig type"],"fullName":"DomainConfig type should have all required fields","status":"passed","title":"should have all required fields","duration":2.359541000000263,"failureMessages":[],"meta":{}},{"ancestorTitles":["DomainConfig type"],"fullName":"DomainConfig type should support optional fields","status":"passed","title":"should support optional fields","duration":6.011671000000206,"failureMessages":[],"meta":{}},{"ancestorTitles":["ServiceMetadata with databases"],"fullName":"ServiceMetadata with databases should support empty databases array","status":"passed","title":"should support empty databases array","duration":1.4665259999997033,"failureMessages":[],"meta":{}},{"ancestorTitles":["ServiceMetadata with databases"],"fullName":"ServiceMetadata with databases should support single database","status":"passed","title":"should support single database","duration":3.7464570000001913,"failureMessages":[],"meta":{}},{"ancestorTitles":["ServiceMetadata with databases"],"fullName":"ServiceMetadata with databases should support multiple databases","status":"passed","title":"should support multiple databases","duration":3.6573769999999968,"failureMessages":[],"meta":{}},{"ancestorTitles":["ServiceMetadata with domains"],"fullName":"ServiceMetadata with domains should support multiple domains","status":"passed","title":"should support multiple domains","duration":2.945267999999942,"failureMessages":[],"meta":{}}],"startTime":1772482661784,"endTime":1772482661822.9453,"status":"passed","message":"","name":"/home/lantum/Desktop/Projects/flatrun-ui/src/__tests__/types.test.ts"},{"assertionResults":[{"ancestorTitles":["BackupsTab","Component structure"],"fullName":"BackupsTab Component structure renders the backups tab container","status":"passed","title":"renders the backups tab container","duration":232.37726600000042,"failureMessages":[],"meta":{}},{"ancestorTitles":["BackupsTab","Component structure"],"fullName":"BackupsTab Component structure renders the header with title","status":"passed","title":"renders the header with title","duration":36.996211000000585,"failureMessages":[],"meta":{}},{"ancestorTitles":["BackupsTab","Component structure"],"fullName":"BackupsTab Component structure renders Create Backup button","status":"passed","title":"renders Create Backup button","duration":31.764263000000028,"failureMessages":[],"meta":{}},{"ancestorTitles":["BackupsTab","Component structure"],"fullName":"BackupsTab Component structure renders Schedule Backup button","status":"passed","title":"renders Schedule Backup button","duration":35.15873600000032,"failureMessages":[],"meta":{}},{"ancestorTitles":["BackupsTab","Empty state"],"fullName":"BackupsTab Empty state shows empty state when no backups","status":"passed","title":"shows empty state when no backups","duration":52.49166400000013,"failureMessages":[],"meta":{}},{"ancestorTitles":["BackupsTab","Empty state"],"fullName":"BackupsTab Empty state shows helpful message in empty state","status":"passed","title":"shows helpful message in empty state","duration":32.74179000000004,"failureMessages":[],"meta":{}},{"ancestorTitles":["BackupsTab","Loading state"],"fullName":"BackupsTab Loading state shows loading state when loadingBackups is true","status":"passed","title":"shows loading state when loadingBackups is true","duration":27.390143999999964,"failureMessages":[],"meta":{}},{"ancestorTitles":["BackupsTab","Backups list"],"fullName":"BackupsTab Backups list renders backup items when backups exist","status":"passed","title":"renders backup items when backups exist","duration":100.43669299999965,"failureMessages":[],"meta":{}},{"ancestorTitles":["BackupsTab","Backups list"],"fullName":"BackupsTab Backups list displays backup ID","status":"passed","title":"displays backup ID","duration":40.62491200000022,"failureMessages":[],"meta":{}},{"ancestorTitles":["BackupsTab","Backups list"],"fullName":"BackupsTab Backups list displays backup status","status":"failed","title":"displays backup status","duration":120.10723499999949,"failureMessages":["AssertionError: expected 'Completed' to be 'completed' // Object.is equality\n    at /home/lantum/Desktop/Projects/flatrun-ui/src/components/BackupsTab.test.ts:203:34\n    at file:///home/lantum/Desktop/Projects/flatrun-ui/node_modules/@vitest/runner/dist/index.js:915:20"],"meta":{}},{"ancestorTitles":["BackupsTab","Backups list"],"fullName":"BackupsTab Backups list displays component badges","status":"passed","title":"displays component badges","duration":66.40681499999937,"failureMessages":[],"meta":{}},{"ancestorTitles":["BackupsTab","Backups list"],"fullName":"BackupsTab Backups list has Restore button for each backup","status":"passed","title":"has Restore button for each backup","duration":57.224333999999544,"failureMessages":[],"meta":{}},{"ancestorTitles":["BackupsTab","Backups list"],"fullName":"BackupsTab Backups list has Download link for each backup","status":"passed","title":"has Download link for each backup","duration":99.3263109999998,"failureMessages":[],"meta":{}},{"ancestorTitles":["BackupsTab","Backups list"],"fullName":"BackupsTab Backups list has Delete button for each backup","status":"passed","title":"has Delete button for each backup","duration":97.64096999999947,"failureMessages":[],"meta":{}},{"ancestorTitles":["BackupsTab","Create backup"],"fullName":"BackupsTab Create backup calls API when Create Backup button is clicked","status":"passed","title":"calls API when Create Backup button is clicked","duration":70.80465499999991,"failureMessages":[],"meta":{}},{"ancestorTitles":["BackupsTab","Create backup"],"fullName":"BackupsTab Create backup disables button while creating backup","status":"passed","title":"disables button while creating backup","duration":80.10695399999986,"failureMessages":[],"meta":{}},{"ancestorTitles":["BackupsTab","Delete backup"],"fullName":"BackupsTab Delete backup opens confirm modal when delete is clicked","status":"passed","title":"opens confirm modal when delete is clicked","duration":82.09905400000025,"failureMessages":[],"meta":{}},{"ancestorTitles":["BackupsTab","Delete backup"],"fullName":"BackupsTab Delete backup calls delete API on confirm","status":"passed","title":"calls delete API on confirm","duration":118.78706599999987,"failureMessages":[],"meta":{}},{"ancestorTitles":["BackupsTab","Restore backup"],"fullName":"BackupsTab Restore backup opens confirm modal when restore is clicked","status":"passed","title":"opens confirm modal when restore is clicked","duration":123.30518399999983,"failureMessages":[],"meta":{}},{"ancestorTitles":["BackupsTab","Restore backup"],"fullName":"BackupsTab Restore backup calls restore API on confirm","status":"passed","title":"calls restore API on confirm","duration":134.1876259999999,"failureMessages":[],"meta":{}},{"ancestorTitles":["BackupsTab","Schedule modal"],"fullName":"BackupsTab Schedule modal opens schedule modal when button is clicked","status":"passed","title":"opens schedule modal when button is clicked","duration":274.7545449999998,"failureMessages":[],"meta":{}},{"ancestorTitles":["BackupsTab","Schedule modal"],"fullName":"BackupsTab Schedule modal has default form values","status":"passed","title":"has default form values","duration":82.9909060000009,"failureMessages":[],"meta":{}},{"ancestorTitles":["BackupsTab","Schedule modal"],"fullName":"BackupsTab Schedule modal calls API to create scheduled task","status":"passed","title":"calls API to create scheduled task","duration":82.76549199999863,"failureMessages":[],"meta":{}},{"ancestorTitles":["BackupsTab","Scheduled tasks list"],"fullName":"BackupsTab Scheduled tasks list shows scheduled tasks section when tasks exist","status":"passed","title":"shows scheduled tasks section when tasks exist","duration":26.21858600000087,"failureMessages":[],"meta":{}},{"ancestorTitles":["BackupsTab","Scheduled tasks list"],"fullName":"BackupsTab Scheduled tasks list displays task name and cron expression","status":"passed","title":"displays task name and cron expression","duration":54.523253999999724,"failureMessages":[],"meta":{}},{"ancestorTitles":["BackupsTab","Scheduled tasks list"],"fullName":"BackupsTab Scheduled tasks list has toggle switch for enabling/disabling task","status":"passed","title":"has toggle switch for enabling/disabling task","duration":28.175505000001067,"failureMessages":[],"meta":{}},{"ancestorTitles":["BackupsTab","Scheduled tasks list"],"fullName":"BackupsTab Scheduled tasks list has run now button for each task","status":"passed","title":"has run now button for each task","duration":97.64102099999945,"failureMessages":[],"meta":{}},{"ancestorTitles":["BackupsTab","Scheduled tasks list"],"fullName":"BackupsTab Scheduled tasks list has delete button for each task","status":"passed","title":"has delete button for each task","duration":142.66192799999953,"failureMessages":[],"meta":{}},{"ancestorTitles":["BackupsTab","Utility functions"],"fullName":"BackupsTab Utility functions formatBytes formats bytes correctly","status":"passed","title":"formatBytes formats bytes correctly","duration":59.195832999999766,"failureMessages":[],"meta":{}},{"ancestorTitles":["BackupsTab","Utility functions"],"fullName":"BackupsTab Utility functions formatDate formats date correctly","status":"passed","title":"formatDate formats date correctly","duration":40.96198799999911,"failureMessages":[],"meta":{}},{"ancestorTitles":["BackupsTab","Utility functions"],"fullName":"BackupsTab Utility functions getDownloadUrl returns correct URL","status":"passed","title":"getDownloadUrl returns correct URL","duration":25.25479600000108,"failureMessages":[],"meta":{}},{"ancestorTitles":["BackupsTab","Job polling"],"fullName":"BackupsTab Job polling starts polling when backup job is created","status":"passed","title":"starts polling when backup job is created","duration":20.94111299999895,"failureMessages":[],"meta":{}},{"ancestorTitles":["BackupsTab","Job polling"],"fullName":"BackupsTab Job polling stops polling when no active jobs","status":"passed","title":"stops polling when no active jobs","duration":26.705794999999853,"failureMessages":[],"meta":{}}],"startTime":1772482650571,"endTime":1772482653230.7058,"status":"failed","message":"","name":"/home/lantum/Desktop/Projects/flatrun-ui/src/components/BackupsTab.test.ts"},{"assertionResults":[{"ancestorTitles":["ContainerTerminal","Component rendering"],"fullName":"ContainerTerminal Component rendering renders terminal container","status":"passed","title":"renders terminal container","duration":123.5346870000003,"failureMessages":[],"meta":{}},{"ancestorTitles":["ContainerTerminal","Component rendering"],"fullName":"ContainerTerminal Component rendering renders terminal element","status":"passed","title":"renders terminal element","duration":13.83535800000027,"failureMessages":[],"meta":{}},{"ancestorTitles":["ContainerTerminal","Component rendering"],"fullName":"ContainerTerminal Component rendering shows overlay when disconnected","status":"passed","title":"shows overlay when disconnected","duration":10.976582999999664,"failureMessages":[],"meta":{}},{"ancestorTitles":["ContainerTerminal","Component rendering"],"fullName":"ContainerTerminal Component rendering shows connect button when disconnected","status":"passed","title":"shows connect button when disconnected","duration":14.503340000000208,"failureMessages":[],"meta":{}},{"ancestorTitles":["ContainerTerminal","Connection handling"],"fullName":"ContainerTerminal Connection handling creates WebSocket with correct URL","status":"passed","title":"creates WebSocket with correct URL","duration":35.21593100000064,"failureMessages":[],"meta":{}},{"ancestorTitles":["ContainerTerminal","Connection handling"],"fullName":"ContainerTerminal Connection handling sets binaryType to arraybuffer","status":"passed","title":"sets binaryType to arraybuffer","duration":10.471849999999904,"failureMessages":[],"meta":{}},{"ancestorTitles":["ContainerTerminal","Connection handling"],"fullName":"ContainerTerminal Connection handling sends auth message on connection","status":"failed","title":"sends auth message on connection","duration":40.074085000000196,"failureMessages":["AssertionError: expected \"vi.fn()\" to be called with arguments: [ StringContaining \"\"type\":\"auth\"\" ]\u001b[90m\n\nNumber of calls: \u001b[1m0\u001b[22m\n\u001b[39m\n    at Proxy.<anonymous> (file:///home/lantum/Desktop/Projects/flatrun-ui/node_modules/@vitest/expect/dist/index.js:1420:10)\n    at Proxy.<anonymous> (file:///home/lantum/Desktop/Projects/flatrun-ui/node_modules/@vitest/expect/dist/index.js:1090:14)\n    at Proxy.methodWrapper (file:///home/lantum/Desktop/Projects/flatrun-ui/node_modules/chai/index.js:1700:25)\n    at /home/lantum/Desktop/Projects/flatrun-ui/src/components/ContainerTerminal.test.ts:196:34\n    at processTicksAndRejections (node:internal/process/task_queues:105:5)\n    at file:///home/lantum/Desktop/Projects/flatrun-ui/node_modules/@vitest/runner/dist/index.js:915:20"],"meta":{}},{"ancestorTitles":["ContainerTerminal","Connection handling"],"fullName":"ContainerTerminal Connection handling updates status to connecting when connect clicked","status":"passed","title":"updates status to connecting when connect clicked","duration":8.671897000000172,"failureMessages":[],"meta":{}},{"ancestorTitles":["ContainerTerminal","Authentication flow"],"fullName":"ContainerTerminal Authentication flow handles auth_success response","status":"passed","title":"handles auth_success response","duration":17.828848999999536,"failureMessages":[],"meta":{}},{"ancestorTitles":["ContainerTerminal","Authentication flow"],"fullName":"ContainerTerminal Authentication flow sends resize message after auth success","status":"failed","title":"sends resize message after auth success","duration":12.88102600000002,"failureMessages":["AssertionError: expected 0 to be greater than 0\n    at /home/lantum/Desktop/Projects/flatrun-ui/src/components/ContainerTerminal.test.ts:240:34\n    at processTicksAndRejections (node:internal/process/task_queues:105:5)\n    at file:///home/lantum/Desktop/Projects/flatrun-ui/node_modules/@vitest/runner/dist/index.js:915:20"],"meta":{}},{"ancestorTitles":["ContainerTerminal","Disconnect handling"],"fullName":"ContainerTerminal Disconnect handling emits disconnected event on close","status":"passed","title":"emits disconnected event on close","duration":12.108790000000226,"failureMessages":[],"meta":{}},{"ancestorTitles":["ContainerTerminal","Disconnect handling"],"fullName":"ContainerTerminal Disconnect handling emits error event on WebSocket error","status":"passed","title":"emits error event on WebSocket error","duration":10.9803550000006,"failureMessages":[],"meta":{}},{"ancestorTitles":["ContainerTerminal","Container ID changes"],"fullName":"ContainerTerminal Container ID changes clears terminal when containerId changes","status":"passed","title":"clears terminal when containerId changes","duration":10.620209999999133,"failureMessages":[],"meta":{}},{"ancestorTitles":["ContainerTerminal","Exposed methods"],"fullName":"ContainerTerminal Exposed methods exposes connect method","status":"passed","title":"exposes connect method","duration":5.527140000000145,"failureMessages":[],"meta":{}},{"ancestorTitles":["ContainerTerminal","Exposed methods"],"fullName":"ContainerTerminal Exposed methods exposes disconnect method","status":"passed","title":"exposes disconnect method","duration":5.874555000000328,"failureMessages":[],"meta":{}}],"startTime":1772482650484,"endTime":1772482650820.8745,"status":"failed","message":"","name":"/home/lantum/Desktop/Projects/flatrun-ui/src/components/ContainerTerminal.test.ts"},{"assertionResults":[{"ancestorTitles":["NewDeploymentModal","Modal visibility"],"fullName":"NewDeploymentModal Modal visibility renders when visible is true","status":"passed","title":"renders when visible is true","duration":281.62501500000053,"failureMessages":[],"meta":{}},{"ancestorTitles":["NewDeploymentModal","Modal visibility"],"fullName":"NewDeploymentModal Modal visibility contains header with title","status":"passed","title":"contains header with title","duration":51.011797000000115,"failureMessages":[],"meta":{}},{"ancestorTitles":["NewDeploymentModal","Wizard structure"],"fullName":"NewDeploymentModal Wizard structure contains wizard container","status":"passed","title":"contains wizard container","duration":47.49413700000059,"failureMessages":[],"meta":{}},{"ancestorTitles":["NewDeploymentModal","Wizard structure"],"fullName":"NewDeploymentModal Wizard structure displays step content area","status":"passed","title":"displays step content area","duration":32.81930000000011,"failureMessages":[],"meta":{}},{"ancestorTitles":["NewDeploymentModal","Wizard structure"],"fullName":"NewDeploymentModal Wizard structure shows wizard progress bar","status":"passed","title":"shows wizard progress bar","duration":50.321994000000814,"failureMessages":[],"meta":{}},{"ancestorTitles":["NewDeploymentModal","Wizard structure"],"fullName":"NewDeploymentModal Wizard structure displays step indicators","status":"passed","title":"displays step indicators","duration":30.433994999999413,"failureMessages":[],"meta":{}},{"ancestorTitles":["NewDeploymentModal","Step 1 - Basic Info"],"fullName":"NewDeploymentModal Step 1 - Basic Info shows deployment details section","status":"passed","title":"shows deployment details section","duration":27.644952999999987,"failureMessages":[],"meta":{}},{"ancestorTitles":["NewDeploymentModal","Step 1 - Basic Info"],"fullName":"NewDeploymentModal Step 1 - Basic Info has name input field","status":"passed","title":"has name input field","duration":53.00316699999985,"failureMessages":[],"meta":{}},{"ancestorTitles":["NewDeploymentModal","Step 1 - Basic Info"],"fullName":"NewDeploymentModal Step 1 - Basic Info shows domain section","status":"passed","title":"shows domain section","duration":45.88053099999979,"failureMessages":[],"meta":{}},{"ancestorTitles":["NewDeploymentModal","Step 1 - Basic Info"],"fullName":"NewDeploymentModal Step 1 - Basic Info has custom domain checkbox option","status":"passed","title":"has custom domain checkbox option","duration":35.00564000000031,"failureMessages":[],"meta":{}},{"ancestorTitles":["NewDeploymentModal","Step 1 - Basic Info"],"fullName":"NewDeploymentModal Step 1 - Basic Info has HTTPS toggle option","status":"passed","title":"has HTTPS toggle option","duration":25.075909999999567,"failureMessages":[],"meta":{}},{"ancestorTitles":["NewDeploymentModal","Compose Mode"],"fullName":"NewDeploymentModal Compose Mode can set compose mode","status":"passed","title":"can set compose mode","duration":94.52421099999992,"failureMessages":[],"meta":{}},{"ancestorTitles":["NewDeploymentModal","Compose Mode"],"fullName":"NewDeploymentModal Compose Mode resets template when switching to compose mode","status":"passed","title":"resets template when switching to compose mode","duration":141.24680799999987,"failureMessages":[],"meta":{}},{"ancestorTitles":["NewDeploymentModal","Form validation hints"],"fullName":"NewDeploymentModal Form validation hints shows name format hint","status":"passed","title":"shows name format hint","duration":29.623794999999518,"failureMessages":[],"meta":{}},{"ancestorTitles":["NewDeploymentModal","Step navigation"],"fullName":"NewDeploymentModal Step navigation shows step labels","status":"passed","title":"shows step labels","duration":22.12760199999957,"failureMessages":[],"meta":{}},{"ancestorTitles":["NewDeploymentModal","Step navigation"],"fullName":"NewDeploymentModal Step navigation step 1 has active indicator","status":"passed","title":"step 1 has active indicator","duration":22.48710099999971,"failureMessages":[],"meta":{}},{"ancestorTitles":["NewDeploymentModal","Form state management"],"fullName":"NewDeploymentModal Form state management initializes with empty form name","status":"passed","title":"initializes with empty form name","duration":23.206077999999252,"failureMessages":[],"meta":{}},{"ancestorTitles":["NewDeploymentModal","Form state management"],"fullName":"NewDeploymentModal Form state management initializes SSL enabled state","status":"passed","title":"initializes SSL enabled state","duration":22.223863000000165,"failureMessages":[],"meta":{}},{"ancestorTitles":["NewDeploymentModal","Form state management"],"fullName":"NewDeploymentModal Form state management initializes networking state","status":"passed","title":"initializes networking state","duration":24.281643999999687,"failureMessages":[],"meta":{}},{"ancestorTitles":["NewDeploymentModal","Deployment subtitle"],"fullName":"NewDeploymentModal Deployment subtitle shows helpful subtitle text","status":"passed","title":"shows helpful subtitle text","duration":55.740466999999626,"failureMessages":[],"meta":{}},{"ancestorTitles":["NewDeploymentModal","Mode Selection"],"fullName":"NewDeploymentModal Mode Selection initializes with empty deployment mode","status":"passed","title":"initializes with empty deployment mode","duration":21.403887000000395,"failureMessages":[],"meta":{}},{"ancestorTitles":["NewDeploymentModal","Mode Selection"],"fullName":"NewDeploymentModal Mode Selection can set easy mode","status":"passed","title":"can set easy mode","duration":30.739341000000422,"failureMessages":[],"meta":{}},{"ancestorTitles":["NewDeploymentModal","Mode Selection"],"fullName":"NewDeploymentModal Mode Selection can set image mode","status":"passed","title":"can set image mode","duration":38.79832600000009,"failureMessages":[],"meta":{}},{"ancestorTitles":["NewDeploymentModal","Mode Selection"],"fullName":"NewDeploymentModal Mode Selection can switch between all deployment modes","status":"passed","title":"can switch between all deployment modes","duration":191.81253500000003,"failureMessages":[],"meta":{}},{"ancestorTitles":["NewDeploymentModal","Image Mode"],"fullName":"NewDeploymentModal Image Mode can set image mode directly","status":"passed","title":"can set image mode directly","duration":115.24398799999926,"failureMessages":[],"meta":{}},{"ancestorTitles":["NewDeploymentModal","Image Mode"],"fullName":"NewDeploymentModal Image Mode resets image field when leaving image mode","status":"passed","title":"resets image field when leaving image mode","duration":34.90736399999969,"failureMessages":[],"meta":{}},{"ancestorTitles":["NewDeploymentModal","Name Validation"],"fullName":"NewDeploymentModal Name Validation validates name format - only lowercase, numbers, hyphens allowed","status":"passed","title":"validates name format - only lowercase, numbers, hyphens allowed","duration":135.71686599999975,"failureMessages":[],"meta":{}},{"ancestorTitles":["NewDeploymentModal","Name Validation"],"fullName":"NewDeploymentModal Name Validation accepts valid name format","status":"passed","title":"accepts valid name format","duration":52.75420900000063,"failureMessages":[],"meta":{}},{"ancestorTitles":["NewDeploymentModal","Name Validation"],"fullName":"NewDeploymentModal Name Validation detects name conflict with existing deployments","status":"passed","title":"detects name conflict with existing deployments","duration":30.422558999998728,"failureMessages":[],"meta":{}},{"ancestorTitles":["NewDeploymentModal","Mode Switching"],"fullName":"NewDeploymentModal Mode Switching resets template selection when switching modes","status":"passed","title":"resets template selection when switching modes","duration":198.58279800000128,"failureMessages":[],"meta":{}},{"ancestorTitles":["NewDeploymentModal","Mode Switching"],"fullName":"NewDeploymentModal Mode Switching resets image field when switching modes","status":"passed","title":"resets image field when switching modes","duration":151.55038299999978,"failureMessages":[],"meta":{}},{"ancestorTitles":["NewDeploymentModal","Port Settings"],"fullName":"NewDeploymentModal Port Settings initializes with default container port 80","status":"passed","title":"initializes with default container port 80","duration":18.391524000000572,"failureMessages":[],"meta":{}},{"ancestorTitles":["NewDeploymentModal","Port Settings"],"fullName":"NewDeploymentModal Port Settings initializes with empty host port (no port mapping)","status":"passed","title":"initializes with empty host port (no port mapping)","duration":18.708300000000236,"failureMessages":[],"meta":{}},{"ancestorTitles":["NewDeploymentModal","Overflow Handling"],"fullName":"NewDeploymentModal Overflow Handling wizard content has overflow handling","status":"passed","title":"wizard content has overflow handling","duration":18.446052999999665,"failureMessages":[],"meta":{}}],"startTime":1772482650913,"endTime":1772482653133.446,"status":"passed","message":"","name":"/home/lantum/Desktop/Projects/flatrun-ui/src/components/NewDeploymentModal.test.ts"},{"assertionResults":[{"ancestorTitles":["PermissionPicker","Rendering"],"fullName":"PermissionPicker Rendering renders all permission groups","status":"passed","title":"renders all permission groups","duration":176.47545300000002,"failureMessages":[],"meta":{}},{"ancestorTitles":["PermissionPicker","Rendering"],"fullName":"PermissionPicker Rendering displays group labels","status":"passed","title":"displays group labels","duration":168.27666299999964,"failureMessages":[],"meta":{}},{"ancestorTitles":["PermissionPicker","Rendering"],"fullName":"PermissionPicker Rendering displays read/write/delete labels within groups","status":"passed","title":"displays read/write/delete labels within groups","duration":75.81818100000055,"failureMessages":[],"meta":{}},{"ancestorTitles":["PermissionPicker","Selection state"],"fullName":"PermissionPicker Selection state checks selected permissions","status":"passed","title":"checks selected permissions","duration":129.62387500000023,"failureMessages":[],"meta":{}},{"ancestorTitles":["PermissionPicker","Selection state"],"fullName":"PermissionPicker Selection state shows group as fully selected when all permissions are selected","status":"passed","title":"shows group as fully selected when all permissions are selected","duration":54.290170999999646,"failureMessages":[],"meta":{}},{"ancestorTitles":["PermissionPicker","Selection state"],"fullName":"PermissionPicker Selection state shows group as indeterminate when partially selected","status":"passed","title":"shows group as indeterminate when partially selected","duration":73.43195900000046,"failureMessages":[],"meta":{}},{"ancestorTitles":["PermissionPicker","Selection state"],"fullName":"PermissionPicker Selection state shows group toggle unchecked when no permissions selected","status":"passed","title":"shows group toggle unchecked when no permissions selected","duration":101.3826509999999,"failureMessages":[],"meta":{}},{"ancestorTitles":["PermissionPicker","Toggling permissions"],"fullName":"PermissionPicker Toggling permissions emits update when toggling a permission on","status":"passed","title":"emits update when toggling a permission on","duration":50.554017999999814,"failureMessages":[],"meta":{}},{"ancestorTitles":["PermissionPicker","Toggling permissions"],"fullName":"PermissionPicker Toggling permissions emits update when toggling a permission off","status":"passed","title":"emits update when toggling a permission off","duration":78.76810600000044,"failureMessages":[],"meta":{}},{"ancestorTitles":["PermissionPicker","Toggling permissions"],"fullName":"PermissionPicker Toggling permissions selects all group permissions when toggling group on","status":"passed","title":"selects all group permissions when toggling group on","duration":83.70207800000026,"failureMessages":[],"meta":{}},{"ancestorTitles":["PermissionPicker","Toggling permissions"],"fullName":"PermissionPicker Toggling permissions deselects all group permissions when toggling fully selected group off","status":"passed","title":"deselects all group permissions when toggling fully selected group off","duration":75.20721099999992,"failureMessages":[],"meta":{}},{"ancestorTitles":["PermissionPicker","Toggling permissions"],"fullName":"PermissionPicker Toggling permissions preserves other groups when toggling one group","status":"passed","title":"preserves other groups when toggling one group","duration":58.22971200000029,"failureMessages":[],"meta":{}},{"ancestorTitles":["PermissionPicker","Readonly mode"],"fullName":"PermissionPicker Readonly mode hides checkboxes in readonly mode","status":"passed","title":"hides checkboxes in readonly mode","duration":49.56530300000031,"failureMessages":[],"meta":{}},{"ancestorTitles":["PermissionPicker","Readonly mode"],"fullName":"PermissionPicker Readonly mode shows granted/denied indicators in readonly mode","status":"passed","title":"shows granted/denied indicators in readonly mode","duration":114.76943199999914,"failureMessages":[],"meta":{}},{"ancestorTitles":["PermissionPicker","Readonly mode"],"fullName":"PermissionPicker Readonly mode hides group toggle checkboxes in readonly mode","status":"passed","title":"hides group toggle checkboxes in readonly mode","duration":115.44475700000021,"failureMessages":[],"meta":{}},{"ancestorTitles":["PermissionPicker","Readonly mode"],"fullName":"PermissionPicker Readonly mode still renders group labels in readonly mode","status":"passed","title":"still renders group labels in readonly mode","duration":96.77609699999994,"failureMessages":[],"meta":{}}],"startTime":1772482658678,"endTime":1772482660199.7761,"status":"passed","message":"","name":"/home/lantum/Desktop/Projects/flatrun-ui/src/components/PermissionPicker.test.ts"},{"assertionResults":[{"ancestorTitles":["TrafficDashboard","Dashboard structure"],"fullName":"TrafficDashboard Dashboard structure renders the dashboard container","status":"passed","title":"renders the dashboard container","duration":384.2615679999999,"failureMessages":[],"meta":{}},{"ancestorTitles":["TrafficDashboard","Dashboard structure"],"fullName":"TrafficDashboard Dashboard structure renders the dashboard header with tabs","status":"passed","title":"renders the dashboard header with tabs","duration":142.93470200000047,"failureMessages":[],"meta":{}},{"ancestorTitles":["TrafficDashboard","Dashboard structure"],"fullName":"TrafficDashboard Dashboard structure displays all navigation tabs","status":"passed","title":"displays all navigation tabs","duration":146.16169600000012,"failureMessages":[],"meta":{}},{"ancestorTitles":["TrafficDashboard","Dashboard structure"],"fullName":"TrafficDashboard Dashboard structure has time range selector","status":"passed","title":"has time range selector","duration":168.76866900000005,"failureMessages":[],"meta":{}},{"ancestorTitles":["TrafficDashboard","Dashboard structure"],"fullName":"TrafficDashboard Dashboard structure has refresh button","status":"passed","title":"has refresh button","duration":254.8947760000001,"failureMessages":[],"meta":{}},{"ancestorTitles":["TrafficDashboard","Overview tab - Stats Grid"],"fullName":"TrafficDashboard Overview tab - Stats Grid displays stats grid with 4 cards","status":"passed","title":"displays stats grid with 4 cards","duration":184.3203510000003,"failureMessages":[],"meta":{}},{"ancestorTitles":["TrafficDashboard","Overview tab - Stats Grid"],"fullName":"TrafficDashboard Overview tab - Stats Grid shows Requests stat","status":"passed","title":"shows Requests stat","duration":173.63242699999955,"failureMessages":[],"meta":{}},{"ancestorTitles":["TrafficDashboard","Overview tab - Stats Grid"],"fullName":"TrafficDashboard Overview tab - Stats Grid shows Data Transfer stat","status":"passed","title":"shows Data Transfer stat","duration":124.19739000000027,"failureMessages":[],"meta":{}},{"ancestorTitles":["TrafficDashboard","Overview tab - Stats Grid"],"fullName":"TrafficDashboard Overview tab - Stats Grid shows Response Time stat","status":"passed","title":"shows Response Time stat","duration":364.71916800000054,"failureMessages":[],"meta":{}},{"ancestorTitles":["TrafficDashboard","Overview tab - Stats Grid"],"fullName":"TrafficDashboard Overview tab - Stats Grid shows Error Rate stat","status":"passed","title":"shows Error Rate stat","duration":166.8591949999991,"failureMessages":[],"meta":{}},{"ancestorTitles":["TrafficDashboard","Overview tab - Domains panel"],"fullName":"TrafficDashboard Overview tab - Domains panel displays Domains panel","status":"passed","title":"displays Domains panel","duration":64.2758130000002,"failureMessages":[],"meta":{}},{"ancestorTitles":["TrafficDashboard","Overview tab - Domains panel"],"fullName":"TrafficDashboard Overview tab - Domains panel shows domain list with deployment stats","status":"passed","title":"shows domain list with deployment stats","duration":227.1983340000006,"failureMessages":[],"meta":{}},{"ancestorTitles":["TrafficDashboard","Overview tab - Domains panel"],"fullName":"TrafficDashboard Overview tab - Domains panel displays known deployment names","status":"passed","title":"displays known deployment names","duration":117.51028700000097,"failureMessages":[],"meta":{}},{"ancestorTitles":["TrafficDashboard","Overview tab - Unknown Domains panel"],"fullName":"TrafficDashboard Overview tab - Unknown Domains panel displays Unknown Domains panel when unknown domains exist","status":"passed","title":"displays Unknown Domains panel when unknown domains exist","duration":93.29231199999958,"failureMessages":[],"meta":{}},{"ancestorTitles":["TrafficDashboard","Overview tab - Unknown Domains panel"],"fullName":"TrafficDashboard Overview tab - Unknown Domains panel shows unknown domain count badge","status":"passed","title":"shows unknown domain count badge","duration":72.22336299999915,"failureMessages":[],"meta":{}},{"ancestorTitles":["TrafficDashboard","Overview tab - Unknown Domains panel"],"fullName":"TrafficDashboard Overview tab - Unknown Domains panel displays unknown domain names","status":"passed","title":"displays unknown domain names","duration":81.65627500000119,"failureMessages":[],"meta":{}},{"ancestorTitles":["TrafficDashboard","Overview tab - Unknown Domains panel"],"fullName":"TrafficDashboard Overview tab - Unknown Domains panel shows request count for unknown domains","status":"passed","title":"shows request count for unknown domains","duration":78.15580099999897,"failureMessages":[],"meta":{}},{"ancestorTitles":["TrafficDashboard","Overview tab - Unknown Domains panel"],"fullName":"TrafficDashboard Overview tab - Unknown Domains panel unknown domain rows are clickable","status":"passed","title":"unknown domain rows are clickable","duration":120.49798499999997,"failureMessages":[],"meta":{}},{"ancestorTitles":["TrafficDashboard","Overview tab - Unknown Domains panel"],"fullName":"TrafficDashboard Overview tab - Unknown Domains panel does not show Unknown Domains panel when all domains are known","status":"passed","title":"does not show Unknown Domains panel when all domains are known","duration":135.54191899999933,"failureMessages":[],"meta":{}},{"ancestorTitles":["TrafficDashboard","Overview tab - Suspicious IPs panel"],"fullName":"TrafficDashboard Overview tab - Suspicious IPs panel displays Suspicious IPs panel when suspicious IPs exist","status":"passed","title":"displays Suspicious IPs panel when suspicious IPs exist","duration":54.167262999999366,"failureMessages":[],"meta":{}},{"ancestorTitles":["TrafficDashboard","Overview tab - Suspicious IPs panel"],"fullName":"TrafficDashboard Overview tab - Suspicious IPs panel shows block button for suspicious IPs","status":"passed","title":"shows block button for suspicious IPs","duration":87.85086500000034,"failureMessages":[],"meta":{}},{"ancestorTitles":["TrafficDashboard","Overview tab - Top Sources panel"],"fullName":"TrafficDashboard Overview tab - Top Sources panel displays Top Sources panel","status":"passed","title":"displays Top Sources panel","duration":89.72819700000036,"failureMessages":[],"meta":{}},{"ancestorTitles":["TrafficDashboard","Overview tab - Top Sources panel"],"fullName":"TrafficDashboard Overview tab - Top Sources panel shows IP list","status":"passed","title":"shows IP list","duration":76.71166799999992,"failureMessages":[],"meta":{}},{"ancestorTitles":["TrafficDashboard","Overview tab - Distribution section"],"fullName":"TrafficDashboard Overview tab - Distribution section displays method distribution","status":"passed","title":"displays method distribution","duration":65.81075299999975,"failureMessages":[],"meta":{}},{"ancestorTitles":["TrafficDashboard","Overview tab - Distribution section"],"fullName":"TrafficDashboard Overview tab - Distribution section displays status distribution","status":"passed","title":"displays status distribution","duration":94.34250400000019,"failureMessages":[],"meta":{}},{"ancestorTitles":["TrafficDashboard","Overview tab - Distribution section"],"fullName":"TrafficDashboard Overview tab - Distribution section shows status groups (2xx, 3xx, 4xx, 5xx)","status":"passed","title":"shows status groups (2xx, 3xx, 4xx, 5xx)","duration":55.3048519999993,"failureMessages":[],"meta":{}},{"ancestorTitles":["TrafficDashboard","Logs tab"],"fullName":"TrafficDashboard Logs tab has filters bar","status":"passed","title":"has filters bar","duration":135.86736399999972,"failureMessages":[],"meta":{}},{"ancestorTitles":["TrafficDashboard","Logs tab"],"fullName":"TrafficDashboard Logs tab has data table for logs","status":"passed","title":"has data table for logs","duration":97.787092999999,"failureMessages":[],"meta":{}},{"ancestorTitles":["TrafficDashboard","Logs tab"],"fullName":"TrafficDashboard Logs tab log table has required columns","status":"passed","title":"log table has required columns","duration":134.40647099999842,"failureMessages":[],"meta":{}},{"ancestorTitles":["TrafficDashboard","Logs tab"],"fullName":"TrafficDashboard Logs tab log rows have filter and block IP buttons","status":"passed","title":"log rows have filter and block IP buttons","duration":145.78835900000013,"failureMessages":[],"meta":{}},{"ancestorTitles":["TrafficDashboard","Performance tab"],"fullName":"TrafficDashboard Performance tab shows slowest endpoints section","status":"passed","title":"shows slowest endpoints section","duration":203.6314509999993,"failureMessages":[],"meta":{}},{"ancestorTitles":["TrafficDashboard","Performance tab"],"fullName":"TrafficDashboard Performance tab shows request volume chart when hourly data exists","status":"passed","title":"shows request volume chart when hourly data exists","duration":316.84856500000024,"failureMessages":[],"meta":{}},{"ancestorTitles":["TrafficDashboard","Empty state"],"fullName":"TrafficDashboard Empty state shows empty state when no stats","status":"passed","title":"shows empty state when no stats","duration":19.310403999999835,"failureMessages":[],"meta":{}},{"ancestorTitles":["TrafficDashboard","Empty state"],"fullName":"TrafficDashboard Empty state has button to check for traffic in empty state","status":"passed","title":"has button to check for traffic in empty state","duration":44.118436000000656,"failureMessages":[],"meta":{}},{"ancestorTitles":["TrafficDashboard","Loading state"],"fullName":"TrafficDashboard Loading state shows loading state when loading and no stats","status":"passed","title":"shows loading state when loading and no stats","duration":91.55297599999903,"failureMessages":[],"meta":{}},{"ancestorTitles":["TrafficDashboard","Key UI elements existence"],"fullName":"TrafficDashboard Key UI elements existence has two-column layout in overview","status":"passed","title":"has two-column layout in overview","duration":159.51894800000082,"failureMessages":[],"meta":{}},{"ancestorTitles":["TrafficDashboard","Key UI elements existence"],"fullName":"TrafficDashboard Key UI elements existence has panel-stack for secondary panels","status":"passed","title":"has panel-stack for secondary panels","duration":132.68126399999892,"failureMessages":[],"meta":{}},{"ancestorTitles":["TrafficDashboard","Key UI elements existence"],"fullName":"TrafficDashboard Key UI elements existence has distribution row","status":"passed","title":"has distribution row","duration":155.525576,"failureMessages":[],"meta":{}},{"ancestorTitles":["TrafficDashboard","Computed properties"],"fullName":"TrafficDashboard Computed properties correctly identifies unknown domains","status":"passed","title":"correctly identifies unknown domains","duration":114.76213600000119,"failureMessages":[],"meta":{}},{"ancestorTitles":["TrafficDashboard","Computed properties"],"fullName":"TrafficDashboard Computed properties domainStats includes all domains","status":"passed","title":"domainStats includes all domains","duration":225.72738000000027,"failureMessages":[],"meta":{}},{"ancestorTitles":["TrafficDashboard","Computed properties"],"fullName":"TrafficDashboard Computed properties unknownDomainStats excludes known deployments","status":"passed","title":"unknownDomainStats excludes known deployments","duration":109.24174500000117,"failureMessages":[],"meta":{}},{"ancestorTitles":["TrafficDashboard","Block IP functionality"],"fullName":"TrafficDashboard Block IP functionality blockIP function exists on component","status":"passed","title":"blockIP function exists on component","duration":139.43964400000004,"failureMessages":[],"meta":{}},{"ancestorTitles":["TrafficDashboard","Block IP functionality"],"fullName":"TrafficDashboard Block IP functionality blockIP shows confirmation modal","status":"passed","title":"blockIP shows confirmation modal","duration":120.99838199999976,"failureMessages":[],"meta":{}},{"ancestorTitles":["TrafficDashboard","Block IP functionality"],"fullName":"TrafficDashboard Block IP functionality confirmBlockIP calls securityApi.blockIP","status":"passed","title":"confirmBlockIP calls securityApi.blockIP","duration":265.2349380000014,"failureMessages":[],"meta":{}},{"ancestorTitles":["TrafficDashboard","Block IP functionality"],"fullName":"TrafficDashboard Block IP functionality cancelBlockIP closes modal without calling API","status":"passed","title":"cancelBlockIP closes modal without calling API","duration":321.984738000001,"failureMessages":[],"meta":{}},{"ancestorTitles":["TrafficDashboard","Block IP functionality"],"fullName":"TrafficDashboard Block IP functionality block button in logs table opens confirmation modal","status":"passed","title":"block button in logs table opens confirmation modal","duration":172.8694290000003,"failureMessages":[],"meta":{}},{"ancestorTitles":["TrafficDashboard","Block IP functionality"],"fullName":"TrafficDashboard Block IP functionality block button in suspicious IPs panel opens confirmation modal","status":"passed","title":"block button in suspicious IPs panel opens confirmation modal","duration":113.29204799999934,"failureMessages":[],"meta":{}},{"ancestorTitles":["TrafficDashboard","Block IP functionality"],"fullName":"TrafficDashboard Block IP functionality modal closes after successful block","status":"passed","title":"modal closes after successful block","duration":237.20035300000018,"failureMessages":[],"meta":{}}],"startTime":1772482650578,"endTime":1772482657758.2004,"status":"passed","message":"","name":"/home/lantum/Desktop/Projects/flatrun-ui/src/components/TrafficDashboard.test.ts"},{"assertionResults":[{"ancestorTitles":["Database Store","Initial state"],"fullName":"Database Store Initial state has correct initial values","status":"passed","title":"has correct initial values","duration":23.374721000000136,"failureMessages":[],"meta":{}},{"ancestorTitles":["Database Store","Query History"],"fullName":"Database Store Query History adds query to history","status":"passed","title":"adds query to history","duration":17.764979999999923,"failureMessages":[],"meta":{}},{"ancestorTitles":["Database Store","Query History"],"fullName":"Database Store Query History limits history to 100 items","status":"passed","title":"limits history to 100 items","duration":333.4002840000003,"failureMessages":[],"meta":{}},{"ancestorTitles":["Database Store","Query History"],"fullName":"Database Store Query History returns empty array for unknown connection","status":"passed","title":"returns empty array for unknown connection","duration":5.780382000000827,"failureMessages":[],"meta":{}},{"ancestorTitles":["Database Store","Query History"],"fullName":"Database Store Query History toggles favorite status","status":"passed","title":"toggles favorite status","duration":5.175708999999188,"failureMessages":[],"meta":{}},{"ancestorTitles":["Database Store","Query History"],"fullName":"Database Store Query History returns favorites only","status":"passed","title":"returns favorites only","duration":3.4786829999993643,"failureMessages":[],"meta":{}},{"ancestorTitles":["Database Store","Query History"],"fullName":"Database Store Query History searches history by query text","status":"passed","title":"searches history by query text","duration":3.9727849999999307,"failureMessages":[],"meta":{}},{"ancestorTitles":["Database Store","Query History"],"fullName":"Database Store Query History searches history by database name","status":"passed","title":"searches history by database name","duration":2.5708289999993212,"failureMessages":[],"meta":{}},{"ancestorTitles":["Database Store","Query History"],"fullName":"Database Store Query History removes item from history","status":"passed","title":"removes item from history","duration":6.051153999999769,"failureMessages":[],"meta":{}},{"ancestorTitles":["Database Store","Query History"],"fullName":"Database Store Query History clears all history for connection","status":"passed","title":"clears all history for connection","duration":4.127762000000075,"failureMessages":[],"meta":{}},{"ancestorTitles":["Database Store","Connection State"],"fullName":"Database Store Connection State sets connection state","status":"passed","title":"sets connection state","duration":3.215154999999868,"failureMessages":[],"meta":{}},{"ancestorTitles":["Database Store","Connection State"],"fullName":"Database Store Connection State returns default state for unknown connection","status":"passed","title":"returns default state for unknown connection","duration":2.2336510000004637,"failureMessages":[],"meta":{}},{"ancestorTitles":["Database Store","LocalStorage Persistence"],"fullName":"Database Store LocalStorage Persistence saves history to localStorage","status":"passed","title":"saves history to localStorage","duration":3.689140999999836,"failureMessages":[],"meta":{}},{"ancestorTitles":["Database Store","LocalStorage Persistence"],"fullName":"Database Store LocalStorage Persistence loads history from localStorage","status":"passed","title":"loads history from localStorage","duration":2.133173999999599,"failureMessages":[],"meta":{}},{"ancestorTitles":["Database Store","LocalStorage Persistence"],"fullName":"Database Store LocalStorage Persistence handles corrupted localStorage gracefully","status":"passed","title":"handles corrupted localStorage gracefully","duration":2.1583910000008473,"failureMessages":[],"meta":{}}],"startTime":1772482658500,"endTime":1772482658923.1584,"status":"passed","message":"","name":"/home/lantum/Desktop/Projects/flatrun-ui/src/stores/database.test.ts"},{"assertionResults":[{"ancestorTitles":["Security Store","Initial state"],"fullName":"Security Store Initial state has correct initial values","status":"passed","title":"has correct initial values","duration":20.05587199999991,"failureMessages":[],"meta":{}},{"ancestorTitles":["Security Store","fetchEvents - null safety"],"fullName":"Security Store fetchEvents - null safety handles null events response gracefully","status":"passed","title":"handles null events response gracefully","duration":6.677756999999929,"failureMessages":[],"meta":{}},{"ancestorTitles":["Security Store","fetchEvents - null safety"],"fullName":"Security Store fetchEvents - null safety handles undefined events response gracefully","status":"passed","title":"handles undefined events response gracefully","duration":3.395422999999937,"failureMessages":[],"meta":{}},{"ancestorTitles":["Security Store","fetchEvents - null safety"],"fullName":"Security Store fetchEvents - null safety stores valid events correctly","status":"passed","title":"stores valid events correctly","duration":5.903360999999677,"failureMessages":[],"meta":{}},{"ancestorTitles":["Security Store","fetchBlockedIPs - null safety"],"fullName":"Security Store fetchBlockedIPs - null safety handles null blocked_ips response gracefully","status":"passed","title":"handles null blocked_ips response gracefully","duration":2.5943340000003445,"failureMessages":[],"meta":{}},{"ancestorTitles":["Security Store","fetchBlockedIPs - null safety"],"fullName":"Security Store fetchBlockedIPs - null safety handles undefined blocked_ips response gracefully","status":"passed","title":"handles undefined blocked_ips response gracefully","duration":1.5016669999999976,"failureMessages":[],"meta":{}},{"ancestorTitles":["Security Store","fetchBlockedIPs - null safety"],"fullName":"Security Store fetchBlockedIPs - null safety stores valid blocked IPs correctly","status":"passed","title":"stores valid blocked IPs correctly","duration":1.8642519999998513,"failureMessages":[],"meta":{}},{"ancestorTitles":["Security Store","fetchProtectedRoutes - null safety"],"fullName":"Security Store fetchProtectedRoutes - null safety handles null protected_routes response gracefully","status":"passed","title":"handles null protected_routes response gracefully","duration":1.8253399999998692,"failureMessages":[],"meta":{}},{"ancestorTitles":["Security Store","fetchProtectedRoutes - null safety"],"fullName":"Security Store fetchProtectedRoutes - null safety handles undefined protected_routes response gracefully","status":"passed","title":"handles undefined protected_routes response gracefully","duration":2.5786749999997483,"failureMessages":[],"meta":{}},{"ancestorTitles":["Security Store","fetchProtectedRoutes - null safety"],"fullName":"Security Store fetchProtectedRoutes - null safety stores valid protected routes correctly","status":"passed","title":"stores valid protected routes correctly","duration":2.559009999999944,"failureMessages":[],"meta":{}},{"ancestorTitles":["Security Store","fetchStats"],"fullName":"Security Store fetchStats stores stats correctly","status":"passed","title":"stores stats correctly","duration":2.1359300000003714,"failureMessages":[],"meta":{}},{"ancestorTitles":["Security Store","fetchStats"],"fullName":"Security Store fetchStats sets loading state during fetch","status":"passed","title":"sets loading state during fetch","duration":103.34058300000015,"failureMessages":[],"meta":{}},{"ancestorTitles":["Security Store","fetchStats"],"fullName":"Security Store fetchStats sets error on failure","status":"passed","title":"sets error on failure","duration":4.305802999999742,"failureMessages":[],"meta":{}},{"ancestorTitles":["Security Store","blockIP"],"fullName":"Security Store blockIP calls API and refreshes blocked IPs","status":"passed","title":"calls API and refreshes blocked IPs","duration":5.784149999999954,"failureMessages":[],"meta":{}},{"ancestorTitles":["Security Store","unblockIP"],"fullName":"Security Store unblockIP calls API and refreshes blocked IPs","status":"passed","title":"calls API and refreshes blocked IPs","duration":1.9336410000000797,"failureMessages":[],"meta":{}},{"ancestorTitles":["Security Store","fetchRealtimeCaptureStatus"],"fullName":"Security Store fetchRealtimeCaptureStatus stores realtime capture status correctly","status":"passed","title":"stores realtime capture status correctly","duration":1.9695000000001528,"failureMessages":[],"meta":{}},{"ancestorTitles":["Security Store","setRealtimeCapture"],"fullName":"Security Store setRealtimeCapture updates realtime capture status","status":"passed","title":"updates realtime capture status","duration":2.587438999999904,"failureMessages":[],"meta":{}}],"startTime":1772482661206,"endTime":1772482661381.5874,"status":"passed","message":"","name":"/home/lantum/Desktop/Projects/flatrun-ui/src/stores/security.test.ts"},{"assertionResults":[{"ancestorTitles":["getFilePlaceholders"],"fullName":"getFilePlaceholders returns empty array for undefined content","status":"passed","title":"returns empty array for undefined content","duration":8.142652999999882,"failureMessages":[],"meta":{}},{"ancestorTitles":["getFilePlaceholders"],"fullName":"getFilePlaceholders returns empty array for empty string","status":"passed","title":"returns empty array for empty string","duration":1.0947089999999662,"failureMessages":[],"meta":{}},{"ancestorTitles":["getFilePlaceholders"],"fullName":"getFilePlaceholders returns empty array for content without placeholders","status":"passed","title":"returns empty array for content without placeholders","duration":0.9644069999999374,"failureMessages":[],"meta":{}},{"ancestorTitles":["getFilePlaceholders"],"fullName":"getFilePlaceholders extracts single placeholder","status":"passed","title":"extracts single placeholder","duration":1.8536180000000968,"failureMessages":[],"meta":{}},{"ancestorTitles":["getFilePlaceholders"],"fullName":"getFilePlaceholders extracts multiple placeholders","status":"passed","title":"extracts multiple placeholders","duration":1.6791560000001482,"failureMessages":[],"meta":{}},{"ancestorTitles":["getFilePlaceholders"],"fullName":"getFilePlaceholders removes duplicate placeholders","status":"passed","title":"removes duplicate placeholders","duration":0.8270219999999426,"failureMessages":[],"meta":{}},{"ancestorTitles":["getFilePlaceholders"],"fullName":"getFilePlaceholders extracts all database credential placeholders","status":"passed","title":"extracts all database credential placeholders","duration":6.278222999999798,"failureMessages":[],"meta":{}},{"ancestorTitles":["getFilePlaceholders"],"fullName":"getFilePlaceholders handles Laravel .env format","status":"passed","title":"handles Laravel .env format","duration":2.5924230000000534,"failureMessages":[],"meta":{}},{"ancestorTitles":["getFilePlaceholders"],"fullName":"getFilePlaceholders handles WordPress wp-config.php format","status":"passed","title":"handles WordPress wp-config.php format","duration":2.1382049999997434,"failureMessages":[],"meta":{}},{"ancestorTitles":["hasCredentialPlaceholders"],"fullName":"hasCredentialPlaceholders returns false for undefined content","status":"passed","title":"returns false for undefined content","duration":1.3727019999996628,"failureMessages":[],"meta":{}},{"ancestorTitles":["hasCredentialPlaceholders"],"fullName":"hasCredentialPlaceholders returns false for content without DB placeholders","status":"passed","title":"returns false for content without DB placeholders","duration":0.5624549999997726,"failureMessages":[],"meta":{}},{"ancestorTitles":["hasCredentialPlaceholders"],"fullName":"hasCredentialPlaceholders returns true for content with DB_HOST","status":"passed","title":"returns true for content with DB_HOST","duration":0.4643700000001445,"failureMessages":[],"meta":{}},{"ancestorTitles":["hasCredentialPlaceholders"],"fullName":"hasCredentialPlaceholders returns true for content with DATABASE_URL","status":"passed","title":"returns true for content with DATABASE_URL","duration":0.40385799999967276,"failureMessages":[],"meta":{}},{"ancestorTitles":["hasCredentialPlaceholders"],"fullName":"hasCredentialPlaceholders returns true for content with any DB_ prefix","status":"passed","title":"returns true for content with any DB_ prefix","duration":0.39299499999970067,"failureMessages":[],"meta":{}}],"startTime":1772482661172,"endTime":1772482661204.4038,"status":"passed","message":"","name":"/home/lantum/Desktop/Projects/flatrun-ui/src/utils/template.test.ts"},{"assertionResults":[{"ancestorTitles":["CronJobsView","View structure"],"fullName":"CronJobsView View structure renders the cron jobs view container","status":"passed","title":"renders the cron jobs view container","duration":889.6648049999994,"failureMessages":[],"meta":{}},{"ancestorTitles":["CronJobsView","View structure"],"fullName":"CronJobsView View structure displays the header with title","status":"passed","title":"displays the header with title","duration":171.0989950000003,"failureMessages":[],"meta":{}},{"ancestorTitles":["CronJobsView","View structure"],"fullName":"CronJobsView View structure contains New Cron Job button","status":"passed","title":"contains New Cron Job button","duration":127.01668100000006,"failureMessages":[],"meta":{}},{"ancestorTitles":["CronJobsView","View structure"],"fullName":"CronJobsView View structure contains Refresh button","status":"passed","title":"contains Refresh button","duration":241.0686769999993,"failureMessages":[],"meta":{}},{"ancestorTitles":["CronJobsView","Data loading"],"fullName":"CronJobsView Data loading fetches tasks on mount","status":"passed","title":"fetches tasks on mount","duration":84.19837400000051,"failureMessages":[],"meta":{}},{"ancestorTitles":["CronJobsView","Data loading"],"fullName":"CronJobsView Data loading fetches recent executions on mount","status":"passed","title":"fetches recent executions on mount","duration":149.92239000000063,"failureMessages":[],"meta":{}},{"ancestorTitles":["CronJobsView","Data loading"],"fullName":"CronJobsView Data loading fetches deployments on mount","status":"passed","title":"fetches deployments on mount","duration":76.84634600000027,"failureMessages":[],"meta":{}},{"ancestorTitles":["CronJobsView","Task display"],"fullName":"CronJobsView Task display displays task cards after loading","status":"passed","title":"displays task cards after loading","duration":55.53393199999937,"failureMessages":[],"meta":{}},{"ancestorTitles":["CronJobsView","Task display"],"fullName":"CronJobsView Task display shows task name in card","status":"passed","title":"shows task name in card","duration":96.41755700000067,"failureMessages":[],"meta":{}},{"ancestorTitles":["CronJobsView","Task display"],"fullName":"CronJobsView Task display shows deployment name for each task","status":"passed","title":"shows deployment name for each task","duration":225.81608500000038,"failureMessages":[],"meta":{}},{"ancestorTitles":["CronJobsView","Task display"],"fullName":"CronJobsView Task display shows cron expression for each task","status":"passed","title":"shows cron expression for each task","duration":44.39202999999998,"failureMessages":[],"meta":{}},{"ancestorTitles":["CronJobsView","Task display"],"fullName":"CronJobsView Task display shows command for command-type tasks","status":"passed","title":"shows command for command-type tasks","duration":59.61924699999963,"failureMessages":[],"meta":{}},{"ancestorTitles":["CronJobsView","Task display"],"fullName":"CronJobsView Task display applies disabled class to disabled tasks","status":"passed","title":"applies disabled class to disabled tasks","duration":51.05074400000012,"failureMessages":[],"meta":{}},{"ancestorTitles":["CronJobsView","Filtering"],"fullName":"CronJobsView Filtering shows filters bar when tasks exist","status":"passed","title":"shows filters bar when tasks exist","duration":91.0933159999995,"failureMessages":[],"meta":{}},{"ancestorTitles":["CronJobsView","Filtering"],"fullName":"CronJobsView Filtering filters tasks by search query","status":"passed","title":"filters tasks by search query","duration":78.80183599999873,"failureMessages":[],"meta":{}},{"ancestorTitles":["CronJobsView","Filtering"],"fullName":"CronJobsView Filtering filters tasks by deployment","status":"passed","title":"filters tasks by deployment","duration":118.35603599999922,"failureMessages":[],"meta":{}},{"ancestorTitles":["CronJobsView","Filtering"],"fullName":"CronJobsView Filtering filters tasks by type","status":"passed","title":"filters tasks by type","duration":69.6905139999999,"failureMessages":[],"meta":{}},{"ancestorTitles":["CronJobsView","Filtering"],"fullName":"CronJobsView Filtering resets page to 1 when filter changes","status":"passed","title":"resets page to 1 when filter changes","duration":104.93842600000062,"failureMessages":[],"meta":{}},{"ancestorTitles":["CronJobsView","Pagination"],"fullName":"CronJobsView Pagination computes total pages correctly","status":"passed","title":"computes total pages correctly","duration":95.09605999999985,"failureMessages":[],"meta":{}},{"ancestorTitles":["CronJobsView","Pagination"],"fullName":"CronJobsView Pagination paginates tasks correctly","status":"passed","title":"paginates tasks correctly","duration":66.28972299999987,"failureMessages":[],"meta":{}},{"ancestorTitles":["CronJobsView","Modal interactions"],"fullName":"CronJobsView Modal interactions opens create modal when New Cron Job button clicked","status":"passed","title":"opens create modal when New Cron Job button clicked","duration":201.5168049999993,"failureMessages":[],"meta":{}},{"ancestorTitles":["CronJobsView","Modal interactions"],"fullName":"CronJobsView Modal interactions opens edit modal with task data","status":"passed","title":"opens edit modal with task data","duration":188.29284499999994,"failureMessages":[],"meta":{}},{"ancestorTitles":["CronJobsView","Modal interactions"],"fullName":"CronJobsView Modal interactions closes modal and resets form","status":"passed","title":"closes modal and resets form","duration":80.02382600000055,"failureMessages":[],"meta":{}},{"ancestorTitles":["CronJobsView","Task actions"],"fullName":"CronJobsView Task actions toggles task enabled state","status":"passed","title":"toggles task enabled state","duration":149.1715550000008,"failureMessages":[],"meta":{}},{"ancestorTitles":["CronJobsView","Task actions"],"fullName":"CronJobsView Task actions runs task immediately","status":"passed","title":"runs task immediately","duration":77.77989600000001,"failureMessages":[],"meta":{}},{"ancestorTitles":["CronJobsView","Task actions"],"fullName":"CronJobsView Task actions opens delete confirmation modal","status":"passed","title":"opens delete confirmation modal","duration":75.38935999999921,"failureMessages":[],"meta":{}},{"ancestorTitles":["CronJobsView","Task actions"],"fullName":"CronJobsView Task actions deletes task after confirmation","status":"passed","title":"deletes task after confirmation","duration":102.85088699999869,"failureMessages":[],"meta":{}},{"ancestorTitles":["CronJobsView","Execution history"],"fullName":"CronJobsView Execution history fetches task executions when viewing history","status":"passed","title":"fetches task executions when viewing history","duration":77.78876599999967,"failureMessages":[],"meta":{}},{"ancestorTitles":["CronJobsView","Execution history"],"fullName":"CronJobsView Execution history displays recent executions section","status":"passed","title":"displays recent executions section","duration":50.945912000001044,"failureMessages":[],"meta":{}},{"ancestorTitles":["CronJobsView","Helper functions"],"fullName":"CronJobsView Helper functions cronToHuman converts daily schedule correctly","status":"passed","title":"cronToHuman converts daily schedule correctly","duration":34.35270199999832,"failureMessages":[],"meta":{}},{"ancestorTitles":["CronJobsView","Helper functions"],"fullName":"CronJobsView Helper functions cronToHuman converts hourly schedule correctly","status":"passed","title":"cronToHuman converts hourly schedule correctly","duration":39.24176500000067,"failureMessages":[],"meta":{}},{"ancestorTitles":["CronJobsView","Helper functions"],"fullName":"CronJobsView Helper functions cronToHuman returns human readable for minute intervals","status":"passed","title":"cronToHuman returns human readable for minute intervals","duration":54.688248000000385,"failureMessages":[],"meta":{}},{"ancestorTitles":["CronJobsView","Helper functions"],"fullName":"CronJobsView Helper functions getTaskName returns task name by id","status":"passed","title":"getTaskName returns task name by id","duration":43.75986599999851,"failureMessages":[],"meta":{}},{"ancestorTitles":["CronJobsView","Helper functions"],"fullName":"CronJobsView Helper functions statusIcon returns correct icon for each status","status":"passed","title":"statusIcon returns correct icon for each status","duration":52.6076039999989,"failureMessages":[],"meta":{}},{"ancestorTitles":["CronJobsView","Form validation"],"fullName":"CronJobsView Form validation form is invalid when required fields are empty","status":"passed","title":"form is invalid when required fields are empty","duration":63.298414999999295,"failureMessages":[],"meta":{}},{"ancestorTitles":["CronJobsView","Form validation"],"fullName":"CronJobsView Form validation form is valid when all required fields are filled","status":"passed","title":"form is valid when all required fields are filled","duration":42.53983599999992,"failureMessages":[],"meta":{}},{"ancestorTitles":["CronJobsView","Task creation"],"fullName":"CronJobsView Task creation creates new task with correct data","status":"passed","title":"creates new task with correct data","duration":61.23973599999954,"failureMessages":[],"meta":{}},{"ancestorTitles":["CronJobsView","Empty state"],"fullName":"CronJobsView Empty state shows empty state when no tasks","status":"passed","title":"shows empty state when no tasks","duration":28.05960899999991,"failureMessages":[],"meta":{}},{"ancestorTitles":["CronJobsView","Empty state"],"fullName":"CronJobsView Empty state shows no matching tasks message when filters return empty","status":"passed","title":"shows no matching tasks message when filters return empty","duration":36.98771999999917,"failureMessages":[],"meta":{}},{"ancestorTitles":["CronJobsView","Permission gates"],"fullName":"CronJobsView Permission gates hides New Cron Job button without scheduler:write","status":"passed","title":"hides New Cron Job button without scheduler:write","duration":30.00915999999961,"failureMessages":[],"meta":{}},{"ancestorTitles":["CronJobsView","Permission gates"],"fullName":"CronJobsView Permission gates hides run/edit buttons but keeps history without scheduler:write","status":"passed","title":"hides run/edit buttons but keeps history without scheduler:write","duration":37.476613000000725,"failureMessages":[],"meta":{}},{"ancestorTitles":["CronJobsView","Permission gates"],"fullName":"CronJobsView Permission gates hides delete button without scheduler:delete","status":"passed","title":"hides delete button without scheduler:delete","duration":34.24553399999968,"failureMessages":[],"meta":{}},{"ancestorTitles":["CronJobsView","Permission gates"],"fullName":"CronJobsView Permission gates still renders task list without write permissions","status":"passed","title":"still renders task list without write permissions","duration":37.74023599999964,"failureMessages":[],"meta":{}}],"startTime":1772482656846,"endTime":1772482661367.7402,"status":"passed","message":"","name":"/home/lantum/Desktop/Projects/flatrun-ui/src/views/CronJobsView.test.ts"},{"assertionResults":[{"ancestorTitles":["DeploymentDetailView","View structure"],"fullName":"DeploymentDetailView View structure renders the deployment detail view container","status":"passed","title":"renders the deployment detail view container","duration":704.1857220000002,"failureMessages":[],"meta":{}},{"ancestorTitles":["DeploymentDetailView","View structure"],"fullName":"DeploymentDetailView View structure contains detail header","status":"passed","title":"contains detail header","duration":204.52674800000023,"failureMessages":[],"meta":{}},{"ancestorTitles":["DeploymentDetailView","View structure"],"fullName":"DeploymentDetailView View structure contains detail tabs section","status":"passed","title":"contains detail tabs section","duration":219.00034999999843,"failureMessages":[],"meta":{}},{"ancestorTitles":["DeploymentDetailView","Tab navigation"],"fullName":"DeploymentDetailView Tab navigation displays all nine tabs","status":"passed","title":"displays all nine tabs","duration":311.7375860000011,"failureMessages":[],"meta":{}},{"ancestorTitles":["DeploymentDetailView","Tab navigation"],"fullName":"DeploymentDetailView Tab navigation has Overview tab","status":"passed","title":"has Overview tab","duration":210.02869800000008,"failureMessages":[],"meta":{}},{"ancestorTitles":["DeploymentDetailView","Tab navigation"],"fullName":"DeploymentDetailView Tab navigation has Files tab","status":"passed","title":"has Files tab","duration":199.14086399999906,"failureMessages":[],"meta":{}},{"ancestorTitles":["DeploymentDetailView","Tab navigation"],"fullName":"DeploymentDetailView Tab navigation has Logs tab","status":"passed","title":"has Logs tab","duration":164.2328150000012,"failureMessages":[],"meta":{}},{"ancestorTitles":["DeploymentDetailView","Tab navigation"],"fullName":"DeploymentDetailView Tab navigation has Terminal tab","status":"passed","title":"has Terminal tab","duration":164.26726100000087,"failureMessages":[],"meta":{}},{"ancestorTitles":["DeploymentDetailView","Tab navigation"],"fullName":"DeploymentDetailView Tab navigation has Environment tab","status":"passed","title":"has Environment tab","duration":137.78265800000008,"failureMessages":[],"meta":{}},{"ancestorTitles":["DeploymentDetailView","Tab navigation"],"fullName":"DeploymentDetailView Tab navigation has Quick Actions tab","status":"passed","title":"has Quick Actions tab","duration":131.40798899999936,"failureMessages":[],"meta":{}},{"ancestorTitles":["DeploymentDetailView","Tab navigation"],"fullName":"DeploymentDetailView Tab navigation has Backups tab","status":"passed","title":"has Backups tab","duration":89.98887300000024,"failureMessages":[],"meta":{}},{"ancestorTitles":["DeploymentDetailView","Tab navigation"],"fullName":"DeploymentDetailView Tab navigation has Security tab","status":"passed","title":"has Security tab","duration":180.53251499999897,"failureMessages":[],"meta":{}},{"ancestorTitles":["DeploymentDetailView","Tab navigation"],"fullName":"DeploymentDetailView Tab navigation has Configuration tab","status":"passed","title":"has Configuration tab","duration":84.36596199999985,"failureMessages":[],"meta":{}},{"ancestorTitles":["DeploymentDetailView","Tab navigation"],"fullName":"DeploymentDetailView Tab navigation Overview tab is active by default","status":"passed","title":"Overview tab is active by default","duration":196.00421300000016,"failureMessages":[],"meta":{}},{"ancestorTitles":["DeploymentDetailView","Tab navigation"],"fullName":"DeploymentDetailView Tab navigation can switch tabs by clicking","status":"passed","title":"can switch tabs by clicking","duration":170.803546000001,"failureMessages":[],"meta":{}},{"ancestorTitles":["DeploymentDetailView","Tab definitions"],"fullName":"DeploymentDetailView Tab definitions has correct tab structure","status":"passed","title":"has correct tab structure","duration":104.4216980000001,"failureMessages":[],"meta":{}},{"ancestorTitles":["DeploymentDetailView","Security tab with incomplete data"],"fullName":"DeploymentDetailView Security tab with incomplete data renders security tab without errors when protected_paths is undefined","status":"passed","title":"renders security tab without errors when protected_paths is undefined","duration":351.7665789999992,"failureMessages":[],"meta":{}},{"ancestorTitles":["DeploymentDetailView","Security tab with incomplete data"],"fullName":"DeploymentDetailView Security tab with incomplete data renders security tab without errors when rate_limits is undefined","status":"passed","title":"renders security tab without errors when rate_limits is undefined","duration":230.91292700000122,"failureMessages":[],"meta":{}},{"ancestorTitles":["DeploymentDetailView","Security tab with incomplete data"],"fullName":"DeploymentDetailView Security tab with incomplete data renders security tab without errors when security config is empty object","status":"passed","title":"renders security tab without errors when security config is empty object","duration":191.4688070000011,"failureMessages":[],"meta":{}},{"ancestorTitles":["DeploymentDetailView","Security tab with incomplete data"],"fullName":"DeploymentDetailView Security tab with incomplete data displays zero counts when security arrays are empty","status":"passed","title":"displays zero counts when security arrays are empty","duration":217.7854869999992,"failureMessages":[],"meta":{}},{"ancestorTitles":["DeploymentDetailView","Header actions"],"fullName":"DeploymentDetailView Header actions displays start button","status":"passed","title":"displays start button","duration":159.5405529999989,"failureMessages":[],"meta":{}},{"ancestorTitles":["DeploymentDetailView","Header actions"],"fullName":"DeploymentDetailView Header actions displays stop button","status":"passed","title":"displays stop button","duration":129.22021200000017,"failureMessages":[],"meta":{}},{"ancestorTitles":["DeploymentDetailView","Header actions"],"fullName":"DeploymentDetailView Header actions displays restart button","status":"passed","title":"displays restart button","duration":160.4694610000006,"failureMessages":[],"meta":{}},{"ancestorTitles":["DeploymentDetailView","Header actions"],"fullName":"DeploymentDetailView Header actions displays delete button","status":"passed","title":"displays delete button","duration":84.09400699999969,"failureMessages":[],"meta":{}},{"ancestorTitles":["DeploymentDetailView","Data fetching"],"fullName":"DeploymentDetailView Data fetching fetches deployment on mount","status":"passed","title":"fetches deployment on mount","duration":141.39294400000108,"failureMessages":[],"meta":{}},{"ancestorTitles":["DeploymentDetailView","Data fetching"],"fullName":"DeploymentDetailView Data fetching fetches environment variables on mount","status":"passed","title":"fetches environment variables on mount","duration":73.76105699999971,"failureMessages":[],"meta":{}},{"ancestorTitles":["DeploymentDetailView","Permission gates"],"fullName":"DeploymentDetailView Permission gates hides start button without deployments:write","status":"passed","title":"hides start button without deployments:write","duration":124.67628599999989,"failureMessages":[],"meta":{}},{"ancestorTitles":["DeploymentDetailView","Permission gates"],"fullName":"DeploymentDetailView Permission gates hides stop button without deployments:write","status":"passed","title":"hides stop button without deployments:write","duration":173.1936850000002,"failureMessages":[],"meta":{}},{"ancestorTitles":["DeploymentDetailView","Permission gates"],"fullName":"DeploymentDetailView Permission gates hides restart button without deployments:write","status":"passed","title":"hides restart button without deployments:write","duration":94.15661899999941,"failureMessages":[],"meta":{}},{"ancestorTitles":["DeploymentDetailView","Permission gates"],"fullName":"DeploymentDetailView Permission gates hides delete button without deployments:delete","status":"passed","title":"hides delete button without deployments:delete","duration":83.94168200000058,"failureMessages":[],"meta":{}},{"ancestorTitles":["DeploymentDetailView","Permission gates"],"fullName":"DeploymentDetailView Permission gates still renders deployment detail view","status":"passed","title":"still renders deployment detail view","duration":108.1770260000012,"failureMessages":[],"meta":{}},{"ancestorTitles":["DeploymentDetailView","Domain management"],"fullName":"DeploymentDetailView Domain management computes hasMultipleDomains as false when no domains","status":"passed","title":"computes hasMultipleDomains as false when no domains","duration":77.34686499999953,"failureMessages":[],"meta":{}},{"ancestorTitles":["DeploymentDetailView","Domain management"],"fullName":"DeploymentDetailView Domain management computes hasMultipleDomains as false when one domain","status":"passed","title":"computes hasMultipleDomains as false when one domain","duration":126.49210499999936,"failureMessages":[],"meta":{}},{"ancestorTitles":["DeploymentDetailView","Domain management"],"fullName":"DeploymentDetailView Domain management computes hasMultipleDomains as true when multiple domains","status":"passed","title":"computes hasMultipleDomains as true when multiple domains","duration":106.92161699999997,"failureMessages":[],"meta":{}},{"ancestorTitles":["DeploymentDetailView","Domain management"],"fullName":"DeploymentDetailView Domain management computes singleDomainId from explicit domain","status":"passed","title":"computes singleDomainId from explicit domain","duration":151.9894289999993,"failureMessages":[],"meta":{}},{"ancestorTitles":["DeploymentDetailView","Domain management"],"fullName":"DeploymentDetailView Domain management computes singleDomainId as 'default' for legacy domain","status":"passed","title":"computes singleDomainId as 'default' for legacy domain","duration":117.57570400000077,"failureMessages":[],"meta":{}},{"ancestorTitles":["DeploymentDetailView","Domain management"],"fullName":"DeploymentDetailView Domain management computes singleDomainId as null when no domains","status":"passed","title":"computes singleDomainId as null when no domains","duration":93.90212000000065,"failureMessages":[],"meta":{}}],"startTime":1772482654056,"endTime":1772482660352.902,"status":"passed","message":"","name":"/home/lantum/Desktop/Projects/flatrun-ui/src/views/DeploymentDetailView.test.ts"},{"assertionResults":[{"ancestorTitles":["DeploymentsView","View structure"],"fullName":"DeploymentsView View structure renders the deployments view container","status":"passed","title":"renders the deployments view container","duration":495.10389600000053,"failureMessages":[],"meta":{}},{"ancestorTitles":["DeploymentsView","View structure"],"fullName":"DeploymentsView View structure contains New Deployment button","status":"passed","title":"contains New Deployment button","duration":241.9594620000007,"failureMessages":[],"meta":{}},{"ancestorTitles":["DeploymentsView","View structure"],"fullName":"DeploymentsView View structure contains Refresh button","status":"passed","title":"contains Refresh button","duration":270.0909950000005,"failureMessages":[],"meta":{}},{"ancestorTitles":["DeploymentsView","Action buttons"],"fullName":"DeploymentsView Action buttons has New Deployment button with primary style","status":"passed","title":"has New Deployment button with primary style","duration":176.03174500000023,"failureMessages":[],"meta":{}},{"ancestorTitles":["DeploymentsView","Action buttons"],"fullName":"DeploymentsView Action buttons has Refresh button with secondary style","status":"passed","title":"has Refresh button with secondary style","duration":87.08639500000027,"failureMessages":[],"meta":{}},{"ancestorTitles":["DeploymentsView","Data loading"],"fullName":"DeploymentsView Data loading fetches deployments on mount","status":"passed","title":"fetches deployments on mount","duration":85.94867499999964,"failureMessages":[],"meta":{}},{"ancestorTitles":["DeploymentsView","Modal toggles"],"fullName":"DeploymentsView Modal toggles opens new deployment modal when button clicked","status":"passed","title":"opens new deployment modal when button clicked","duration":443.26660300000003,"failureMessages":[],"meta":{}},{"ancestorTitles":["DeploymentsView","Column definitions"],"fullName":"DeploymentsView Column definitions defines correct table columns","status":"passed","title":"defines correct table columns","duration":165.08709199999976,"failureMessages":[],"meta":{}},{"ancestorTitles":["DeploymentsView","Helper functions"],"fullName":"DeploymentsView Helper functions getServiceClass returns correct class for database images","status":"passed","title":"getServiceClass returns correct class for database images","duration":134.74572100000114,"failureMessages":[],"meta":{}},{"ancestorTitles":["DeploymentsView","Helper functions"],"fullName":"DeploymentsView Helper functions getServiceClass returns correct class for cache images","status":"passed","title":"getServiceClass returns correct class for cache images","duration":127.70025200000055,"failureMessages":[],"meta":{}},{"ancestorTitles":["DeploymentsView","Helper functions"],"fullName":"DeploymentsView Helper functions getServiceClass returns correct class for proxy images","status":"passed","title":"getServiceClass returns correct class for proxy images","duration":150.32862999999998,"failureMessages":[],"meta":{}},{"ancestorTitles":["DeploymentsView","Helper functions"],"fullName":"DeploymentsView Helper functions getServiceClass returns app for other images","status":"passed","title":"getServiceClass returns app for other images","duration":246.97174000000086,"failureMessages":[],"meta":{}},{"ancestorTitles":["DeploymentsView","Helper functions"],"fullName":"DeploymentsView Helper functions hasDatabase detects database services","status":"passed","title":"hasDatabase detects database services","duration":160.23484999999891,"failureMessages":[],"meta":{}},{"ancestorTitles":["DeploymentsView","Helper functions"],"fullName":"DeploymentsView Helper functions getDatabaseType returns correct database type","status":"passed","title":"getDatabaseType returns correct database type","duration":129.21763699999974,"failureMessages":[],"meta":{}},{"ancestorTitles":["DeploymentsView","Helper functions"],"fullName":"DeploymentsView Helper functions getHealthyCount returns correct counts","status":"passed","title":"getHealthyCount returns correct counts","duration":129.97754600000007,"failureMessages":[],"meta":{}},{"ancestorTitles":["DeploymentsView","Helper functions"],"fullName":"DeploymentsView Helper functions getPortMappings extracts port mappings correctly","status":"passed","title":"getPortMappings extracts port mappings correctly","duration":92.4634389999992,"failureMessages":[],"meta":{}},{"ancestorTitles":["DeploymentsView","Time formatting"],"fullName":"DeploymentsView Time formatting formatRelativeTime returns 'just now' for recent times","status":"passed","title":"formatRelativeTime returns 'just now' for recent times","duration":159.07803799999965,"failureMessages":[],"meta":{}},{"ancestorTitles":["DeploymentsView","Permission gates"],"fullName":"DeploymentsView Permission gates hides New Deployment button without deployments:write","status":"passed","title":"hides New Deployment button without deployments:write","duration":102.56047799999942,"failureMessages":[],"meta":{}},{"ancestorTitles":["DeploymentsView","Permission gates"],"fullName":"DeploymentsView Permission gates still shows Refresh button without write permission","status":"passed","title":"still shows Refresh button without write permission","duration":63.899647000000186,"failureMessages":[],"meta":{}}],"startTime":1772482654486,"endTime":1772482657970.8997,"status":"passed","message":"","name":"/home/lantum/Desktop/Projects/flatrun-ui/src/views/DeploymentsView.test.ts"},{"assertionResults":[{"ancestorTitles":["SettingsView","View structure"],"fullName":"SettingsView View structure renders the settings view container","status":"passed","title":"renders the settings view container","duration":461.29637600000024,"failureMessages":[],"meta":{}},{"ancestorTitles":["SettingsView","View structure"],"fullName":"SettingsView View structure contains view header with tabs","status":"passed","title":"contains view header with tabs","duration":524.3222320000004,"failureMessages":[],"meta":{}},{"ancestorTitles":["SettingsView","Tab navigation"],"fullName":"SettingsView Tab navigation displays all six tabs","status":"passed","title":"displays all six tabs","duration":192.22619499999928,"failureMessages":[],"meta":{}},{"ancestorTitles":["SettingsView","Tab navigation"],"fullName":"SettingsView Tab navigation has General tab","status":"passed","title":"has General tab","duration":167.00072399999954,"failureMessages":[],"meta":{}},{"ancestorTitles":["SettingsView","Tab navigation"],"fullName":"SettingsView Tab navigation has Domain tab","status":"passed","title":"has Domain tab","duration":201.63403800000015,"failureMessages":[],"meta":{}},{"ancestorTitles":["SettingsView","Tab navigation"],"fullName":"SettingsView Tab navigation has Infrastructure tab","status":"passed","title":"has Infrastructure tab","duration":140.23148899999978,"failureMessages":[],"meta":{}},{"ancestorTitles":["SettingsView","Tab navigation"],"fullName":"SettingsView Tab navigation has Security tab","status":"passed","title":"has Security tab","duration":235.48364100000072,"failureMessages":[],"meta":{}},{"ancestorTitles":["SettingsView","Tab navigation"],"fullName":"SettingsView Tab navigation has Credentials tab","status":"passed","title":"has Credentials tab","duration":231.9021389999998,"failureMessages":[],"meta":{}},{"ancestorTitles":["SettingsView","Tab navigation"],"fullName":"SettingsView Tab navigation General tab is active by default","status":"passed","title":"General tab is active by default","duration":95.07822300000043,"failureMessages":[],"meta":{}},{"ancestorTitles":["SettingsView","Tab navigation"],"fullName":"SettingsView Tab navigation can switch to Domain tab","status":"passed","title":"can switch to Domain tab","duration":109.17233100000158,"failureMessages":[],"meta":{}},{"ancestorTitles":["SettingsView","Tab navigation"],"fullName":"SettingsView Tab navigation can switch to Infrastructure tab","status":"passed","title":"can switch to Infrastructure tab","duration":196.50148099999933,"failureMessages":[],"meta":{}},{"ancestorTitles":["SettingsView","General tab content"],"fullName":"SettingsView General tab content displays System Information card","status":"passed","title":"displays System Information card","duration":74.25260600000001,"failureMessages":[],"meta":{}},{"ancestorTitles":["SettingsView","General tab content"],"fullName":"SettingsView General tab content displays Agent Status","status":"passed","title":"displays Agent Status","duration":133.81065099999978,"failureMessages":[],"meta":{}},{"ancestorTitles":["SettingsView","General tab content"],"fullName":"SettingsView General tab content displays Quick Actions card","status":"passed","title":"displays Quick Actions card","duration":127.22188500000084,"failureMessages":[],"meta":{}},{"ancestorTitles":["SettingsView","General tab content"],"fullName":"SettingsView General tab content has Test Connection action","status":"passed","title":"has Test Connection action","duration":150.05885800000033,"failureMessages":[],"meta":{}},{"ancestorTitles":["SettingsView","General tab content"],"fullName":"SettingsView General tab content has Refresh Templates action","status":"passed","title":"has Refresh Templates action","duration":114.25820799999929,"failureMessages":[],"meta":{}},{"ancestorTitles":["SettingsView","General tab content"],"fullName":"SettingsView General tab content has Refresh All action","status":"passed","title":"has Refresh All action","duration":184.63388999999916,"failureMessages":[],"meta":{}},{"ancestorTitles":["SettingsView","General tab content"],"fullName":"SettingsView General tab content has Clear Cache action","status":"passed","title":"has Clear Cache action","duration":187.6392510000005,"failureMessages":[],"meta":{}},{"ancestorTitles":["SettingsView","General tab content"],"fullName":"SettingsView General tab content displays Agent Configuration card","status":"passed","title":"displays Agent Configuration card","duration":109.66786200000024,"failureMessages":[],"meta":{}},{"ancestorTitles":["SettingsView","General tab content"],"fullName":"SettingsView General tab content shows Read-only badge on configuration","status":"passed","title":"shows Read-only badge on configuration","duration":436.1345820000006,"failureMessages":[],"meta":{}},{"ancestorTitles":["SettingsView","Data loading"],"fullName":"SettingsView Data loading fetches settings on mount","status":"passed","title":"fetches settings on mount","duration":116.60879399999976,"failureMessages":[],"meta":{}},{"ancestorTitles":["SettingsView","Data loading"],"fullName":"SettingsView Data loading fetches agent version on mount","status":"passed","title":"fetches agent version on mount","duration":73.47786799999994,"failureMessages":[],"meta":{}},{"ancestorTitles":["SettingsView","Data loading"],"fullName":"SettingsView Data loading displays loading state initially","status":"passed","title":"displays loading state initially","duration":164.70560300000034,"failureMessages":[],"meta":{}},{"ancestorTitles":["SettingsView","Data loading"],"fullName":"SettingsView Data loading hides loading state after fetch","status":"passed","title":"hides loading state after fetch","duration":123.79923699999927,"failureMessages":[],"meta":{}},{"ancestorTitles":["SettingsView","Settings state"],"fullName":"SettingsView Settings state populates settings after fetch","status":"passed","title":"populates settings after fetch","duration":126.76014199999918,"failureMessages":[],"meta":{}},{"ancestorTitles":["SettingsView","Settings state"],"fullName":"SettingsView Settings state populates domain settings","status":"passed","title":"populates domain settings","duration":132.36841099999947,"failureMessages":[],"meta":{}},{"ancestorTitles":["SettingsView","Settings state"],"fullName":"SettingsView Settings state populates nginx settings","status":"passed","title":"populates nginx settings","duration":141.8299339999994,"failureMessages":[],"meta":{}},{"ancestorTitles":["SettingsView","Settings state"],"fullName":"SettingsView Settings state populates infrastructure settings","status":"passed","title":"populates infrastructure settings","duration":197.8048060000001,"failureMessages":[],"meta":{}},{"ancestorTitles":["SettingsView","Domain tab"],"fullName":"SettingsView Domain tab displays domain configuration form","status":"passed","title":"displays domain configuration form","duration":341.4239379999999,"failureMessages":[],"meta":{}},{"ancestorTitles":["SettingsView","Domain tab"],"fullName":"SettingsView Domain tab has Default Domain input","status":"passed","title":"has Default Domain input","duration":268.2455919999993,"failureMessages":[],"meta":{}},{"ancestorTitles":["SettingsView","Domain tab"],"fullName":"SettingsView Domain tab has Subdomain Style selector","status":"passed","title":"has Subdomain Style selector","duration":229.74849300000096,"failureMessages":[],"meta":{}},{"ancestorTitles":["SettingsView","Domain tab"],"fullName":"SettingsView Domain tab has Auto Subdomain toggle","status":"passed","title":"has Auto Subdomain toggle","duration":154.68620099999862,"failureMessages":[],"meta":{}},{"ancestorTitles":["SettingsView","Domain tab"],"fullName":"SettingsView Domain tab has Auto SSL toggle","status":"passed","title":"has Auto SSL toggle","duration":89.66947400000026,"failureMessages":[],"meta":{}},{"ancestorTitles":["SettingsView","Domain tab"],"fullName":"SettingsView Domain tab has Save Changes button","status":"passed","title":"has Save Changes button","duration":143.80742699999973,"failureMessages":[],"meta":{}},{"ancestorTitles":["SettingsView","Infrastructure tab"],"fullName":"SettingsView Infrastructure tab displays Networks section","status":"passed","title":"displays Networks section","duration":154.73758999999882,"failureMessages":[],"meta":{}},{"ancestorTitles":["SettingsView","Infrastructure tab"],"fullName":"SettingsView Infrastructure tab displays Nginx section","status":"passed","title":"displays Nginx section","duration":124.05327800000123,"failureMessages":[],"meta":{}},{"ancestorTitles":["SettingsView","Infrastructure tab"],"fullName":"SettingsView Infrastructure tab displays SSL / Certbot section","status":"passed","title":"displays SSL / Certbot section","duration":96.85904800000026,"failureMessages":[],"meta":{}},{"ancestorTitles":["SettingsView","Infrastructure tab"],"fullName":"SettingsView Infrastructure tab displays Shared Database section","status":"passed","title":"displays Shared Database section","duration":113.7949779999999,"failureMessages":[],"meta":{}},{"ancestorTitles":["SettingsView","Infrastructure tab"],"fullName":"SettingsView Infrastructure tab displays Shared Redis section","status":"passed","title":"displays Shared Redis section","duration":114.7372000000014,"failureMessages":[],"meta":{}},{"ancestorTitles":["SettingsView","Infrastructure tab"],"fullName":"SettingsView Infrastructure tab has Save Infrastructure Settings button","status":"passed","title":"has Save Infrastructure Settings button","duration":95.26435899999888,"failureMessages":[],"meta":{}},{"ancestorTitles":["SettingsView","Quick actions"],"fullName":"SettingsView Quick actions testConnection calls health API","status":"passed","title":"testConnection calls health API","duration":141.49850399999923,"failureMessages":[],"meta":{}},{"ancestorTitles":["SettingsView","Quick actions"],"fullName":"SettingsView Quick actions refreshTemplates calls templates API","status":"passed","title":"refreshTemplates calls templates API","duration":126.13759600000049,"failureMessages":[],"meta":{}},{"ancestorTitles":["SettingsView","Tab definitions"],"fullName":"SettingsView Tab definitions has correct tab structure","status":"passed","title":"has correct tab structure","duration":81.79580600000008,"failureMessages":[],"meta":{}}],"startTime":1772482651739,"endTime":1772482659202.796,"status":"passed","message":"","name":"/home/lantum/Desktop/Projects/flatrun-ui/src/views/SettingsView.test.ts"}]}
